<?xml version="1.0" encoding="UTF-8"?>
<!-- Generated by org.testng.reporters.JUnitXMLReporter -->
<testsuite ignored="0" hostname="Vinod-Acer" failures="1" tests="1" name="Open Facebook Site" time="39.496" errors="0" timestamp="13 Aug 2021 11:22:56 GMT">
  <testcase classname="testscripts.openSite" name="getSite" time="30.329">
    <failure type="java.lang.AssertionError" message="expected [true] but found [false]">
      <![CDATA[java.lang.AssertionError: expected [true] but found [false]
at testscripts.openSite.getSite(openSite.java:18)
... Removed 29 stack frames]]>
    </failure>
  </testcase> <!-- getSite -->
</testsuite> <!-- Open Facebook Site -->
