<?xml version="1.0" encoding="UTF-8"?>
<!-- Generated by org.testng.reporters.JUnitXMLReporter -->
<testsuite ignored="0" hostname="Vinod-Acer" failures="2" tests="4" name="Second" time="4.977" errors="0" timestamp="11 Aug 2021 19:59:08 GMT">
  <testcase classname="testscripts.TestcaseDemo" name="test1" time="0.005"/>
  <testcase classname="testscripts.TestcaseDemo" name="test2" time="0.011">
    <failure type="java.lang.AssertionError" message="expected [true] but found [false]">
      <![CDATA[java.lang.AssertionError: expected [true] but found [false]
at testscripts.TestcaseDemo.test2(TestcaseDemo.java:17)
... Removed 29 stack frames]]>
    </failure>
  </testcase> <!-- test2 -->
  <testcase classname="testscripts.TestcaseDemo" name="test3" time="0.015"/>
  <testcase classname="testscripts.TestcaseDemo" name="test4" time="0.021">
    <failure type="java.lang.AssertionError" message="expected [true] but found [false]">
      <![CDATA[java.lang.AssertionError: expected [true] but found [false]
at testscripts.TestcaseDemo.test4(TestcaseDemo.java:27)
... Removed 29 stack frames]]>
    </failure>
  </testcase> <!-- test4 -->
</testsuite> <!-- Second -->
